Timing Analyzer report for Snake
Sat Feb 28 00:40:48 2026
Quartus Prime Version 24.1std.0 Build 1077 03/04/2025 SC Lite Edition


---------------------
; Table of Contents ;
---------------------
  1. Legal Notice
  2. Timing Analyzer Summary
  3. Parallel Compilation
  4. SDC File List
  5. Clocks
  6. Slow 1200mV 85C Model Fmax Summary
  7. Slow 1200mV 85C Model Setup Summary
  8. Slow 1200mV 85C Model Hold Summary
  9. Slow 1200mV 85C Model Recovery Summary
 10. Slow 1200mV 85C Model Removal Summary
 11. Slow 1200mV 85C Model Minimum Pulse Width Summary
 12. Slow 1200mV 85C Model Metastability Summary
 13. Slow 1200mV 0C Model Fmax Summary
 14. Slow 1200mV 0C Model Setup Summary
 15. Slow 1200mV 0C Model Hold Summary
 16. Slow 1200mV 0C Model Recovery Summary
 17. Slow 1200mV 0C Model Removal Summary
 18. Slow 1200mV 0C Model Minimum Pulse Width Summary
 19. Slow 1200mV 0C Model Metastability Summary
 20. Fast 1200mV 0C Model Setup Summary
 21. Fast 1200mV 0C Model Hold Summary
 22. Fast 1200mV 0C Model Recovery Summary
 23. Fast 1200mV 0C Model Removal Summary
 24. Fast 1200mV 0C Model Minimum Pulse Width Summary
 25. Fast 1200mV 0C Model Metastability Summary
 26. Multicorner Timing Analysis Summary
 27. Board Trace Model Assignments
 28. Input Transition Times
 29. Signal Integrity Metrics (Slow 1200mv 0c Model)
 30. Signal Integrity Metrics (Slow 1200mv 85c Model)
 31. Signal Integrity Metrics (Fast 1200mv 0c Model)
 32. Clock Transfers
 33. Report TCCS
 34. Report RSKM
 35. Unconstrained Paths Summary
 36. Clock Status Summary
 37. Timing Analyzer Messages



----------------
; Legal Notice ;
----------------
Copyright (C) 2025  Altera Corporation. All rights reserved.
Your use of Altera Corporation's design tools, logic functions 
and other software and tools, and any partner logic 
functions, and any output files from any of the foregoing 
(including device programming or simulation files), and any 
associated documentation or information are expressly subject 
to the terms and conditions of the Altera Program License 
Subscription Agreement, the Altera Quartus Prime License Agreement,
the Altera IP License Agreement, or other applicable license
agreement, including, without limitation, that your use is for
the sole purpose of programming logic devices manufactured by
Altera and sold by Altera or its authorized distributors.  Please
refer to the Altera Software License Subscription Agreements 
on the Quartus Prime software download page.



+---------------------------------------------------------------------------------+
; Timing Analyzer Summary                                                         ;
+-----------------------+---------------------------------------------------------+
; Quartus Prime Version ; Version 24.1std.0 Build 1077 03/04/2025 SC Lite Edition ;
; Timing Analyzer       ; Legacy Timing Analyzer                                  ;
; Revision Name         ; Snake                                                   ;
; Device Family         ; MAX 10                                                  ;
; Device Name           ; 10M50DAF484C7G                                          ;
; Timing Models         ; Final                                                   ;
; Delay Model           ; Combined                                                ;
; Rise/Fall Delays      ; Enabled                                                 ;
+-----------------------+---------------------------------------------------------+


+------------------------------------------+
; Parallel Compilation                     ;
+----------------------------+-------------+
; Processors                 ; Number      ;
+----------------------------+-------------+
; Number detected on machine ; 12          ;
; Maximum allowed            ; 12          ;
;                            ;             ;
; Average used               ; 1.07        ;
; Maximum used               ; 12          ;
;                            ;             ;
; Usage by Processor         ; % Time Used ;
;     Processor 1            ; 100.0%      ;
;     Processors 2-12        ;   0.6%      ;
+----------------------------+-------------+


+-------------------------------------------------------------------------------------------------------------+
; SDC File List                                                                                               ;
+-------------------------------------------------------------------------+--------+--------------------------+
; SDC File Path                                                           ; Status ; Read at                  ;
+-------------------------------------------------------------------------+--------+--------------------------+
; ../joystick_adc_2ch/synthesis/submodules/altera_modular_adc_control.sdc ; OK     ; Sat Feb 28 00:40:47 2026 ;
; Snake.SDC                                                               ; OK     ; Sat Feb 28 00:40:47 2026 ;
+-------------------------------------------------------------------------+--------+--------------------------+


+----------------------------------------------------------------------------------------------------------------------------------------------------------------------------------------------+
; Clocks                                                                                                                                                                                       ;
+---------------+------+--------+-----------+-------+--------+------------+-----------+-------------+-------+--------+-----------+------------+----------+--------+--------+-------------------+
; Clock Name    ; Type ; Period ; Frequency ; Rise  ; Fall   ; Duty Cycle ; Divide by ; Multiply by ; Phase ; Offset ; Edge List ; Edge Shift ; Inverted ; Master ; Source ; Targets           ;
+---------------+------+--------+-----------+-------+--------+------------+-----------+-------------+-------+--------+-----------+------------+----------+--------+--------+-------------------+
; MAX10_CLK1_50 ; Base ; 20.000 ; 50.0 MHz  ; 0.000 ; 10.000 ;            ;           ;             ;       ;        ;           ;            ;          ;        ;        ; { MAX10_CLK1_50 } ;
+---------------+------+--------+-----------+-------+--------+------------+-----------+-------------+-------+--------+-----------+------------+----------+--------+--------+-------------------+


--------------------------------------
; Slow 1200mV 85C Model Fmax Summary ;
--------------------------------------
No paths to report.


---------------------------------------
; Slow 1200mV 85C Model Setup Summary ;
---------------------------------------
No paths to report.


--------------------------------------
; Slow 1200mV 85C Model Hold Summary ;
--------------------------------------
No paths to report.


------------------------------------------
; Slow 1200mV 85C Model Recovery Summary ;
------------------------------------------
No paths to report.


-----------------------------------------
; Slow 1200mV 85C Model Removal Summary ;
-----------------------------------------
No paths to report.


+---------------------------------------------------+
; Slow 1200mV 85C Model Minimum Pulse Width Summary ;
+---------------+--------+--------------------------+
; Clock         ; Slack  ; End Point TNS            ;
+---------------+--------+--------------------------+
; MAX10_CLK1_50 ; 16.000 ; 0.000                    ;
+---------------+--------+--------------------------+


-----------------------------------------------
; Slow 1200mV 85C Model Metastability Summary ;
-----------------------------------------------
No synchronizer chains to report.


-------------------------------------
; Slow 1200mV 0C Model Fmax Summary ;
-------------------------------------
No paths to report.


--------------------------------------
; Slow 1200mV 0C Model Setup Summary ;
--------------------------------------
No paths to report.


-------------------------------------
; Slow 1200mV 0C Model Hold Summary ;
-------------------------------------
No paths to report.


-----------------------------------------
; Slow 1200mV 0C Model Recovery Summary ;
-----------------------------------------
No paths to report.


----------------------------------------
; Slow 1200mV 0C Model Removal Summary ;
----------------------------------------
No paths to report.


+--------------------------------------------------+
; Slow 1200mV 0C Model Minimum Pulse Width Summary ;
+---------------+--------+-------------------------+
; Clock         ; Slack  ; End Point TNS           ;
+---------------+--------+-------------------------+
; MAX10_CLK1_50 ; 16.000 ; 0.000                   ;
+---------------+--------+-------------------------+


----------------------------------------------
; Slow 1200mV 0C Model Metastability Summary ;
----------------------------------------------
No synchronizer chains to report.


--------------------------------------
; Fast 1200mV 0C Model Setup Summary ;
--------------------------------------
No paths to report.


-------------------------------------
; Fast 1200mV 0C Model Hold Summary ;
-------------------------------------
No paths to report.


-----------------------------------------
; Fast 1200mV 0C Model Recovery Summary ;
-----------------------------------------
No paths to report.


----------------------------------------
; Fast 1200mV 0C Model Removal Summary ;
----------------------------------------
No paths to report.


+--------------------------------------------------+
; Fast 1200mV 0C Model Minimum Pulse Width Summary ;
+---------------+--------+-------------------------+
; Clock         ; Slack  ; End Point TNS           ;
+---------------+--------+-------------------------+
; MAX10_CLK1_50 ; 16.000 ; 0.000                   ;
+---------------+--------+-------------------------+


----------------------------------------------
; Fast 1200mV 0C Model Metastability Summary ;
----------------------------------------------
No synchronizer chains to report.


+----------------------------------------------------------------------------+
; Multicorner Timing Analysis Summary                                        ;
+------------------+-------+------+----------+---------+---------------------+
; Clock            ; Setup ; Hold ; Recovery ; Removal ; Minimum Pulse Width ;
+------------------+-------+------+----------+---------+---------------------+
; Worst-case Slack ; N/A   ; N/A  ; N/A      ; N/A     ; 16.000              ;
;  MAX10_CLK1_50   ; N/A   ; N/A  ; N/A      ; N/A     ; 16.000              ;
; Design-wide TNS  ; 0.0   ; 0.0  ; 0.0      ; 0.0     ; 0.0                 ;
;  MAX10_CLK1_50   ; N/A   ; N/A  ; N/A      ; N/A     ; 0.000               ;
+------------------+-------+------+----------+---------+---------------------+


+-----------------------------------------------------------------------------------------------------------------------------------------------------------------------------------------------------------------------------------------------------------------------------------------------------------------------------------------------------------------------------------------------------------------+
; Board Trace Model Assignments                                                                                                                                                                                                                                                                                                                                                                                   ;
+--------------+--------------+-------------------+-------------------------+-------------------------+---------------+---------------------+----------------+------------------+--------+------------------+------------------------+------------------------+--------------+---------------+-----------------+-------+---------------------+--------------------+---------------+-----------------+-------------+
; Pin          ; I/O Standard ; Near Tline Length ; Near Tline L per Length ; Near Tline C per Length ; Near Series R ; Near Differential R ; Near Pull-up R ; Near Pull-down R ; Near C ; Far Tline Length ; Far Tline L per Length ; Far Tline C per Length ; Far Series R ; Far Pull-up R ; Far Pull-down R ; Far C ; Termination Voltage ; Far Differential R ; EBD File Name ; EBD Signal Name ; EBD Far-end ;
+--------------+--------------+-------------------+-------------------------+-------------------------+---------------+---------------------+----------------+------------------+--------+------------------+------------------------+------------------------+--------------+---------------+-----------------+-------+---------------------+--------------------+---------------+-----------------+-------------+
; LEDR[0]      ; 3.3-V LVTTL  ; 0 in              ; 0 H/in                  ; 0 F/in                  ; short         ; -                   ; open           ; open             ; open   ; 0 in             ; 0 H/in                 ; 0 F/in                 ; short        ; open          ; open            ; open  ; 0 V                 ; -                  ; n/a           ; n/a             ; n/a         ;
; LEDR[1]      ; 3.3-V LVTTL  ; 0 in              ; 0 H/in                  ; 0 F/in                  ; short         ; -                   ; open           ; open             ; open   ; 0 in             ; 0 H/in                 ; 0 F/in                 ; short        ; open          ; open            ; open  ; 0 V                 ; -                  ; n/a           ; n/a             ; n/a         ;
; LEDR[2]      ; 3.3-V LVTTL  ; 0 in              ; 0 H/in                  ; 0 F/in                  ; short         ; -                   ; open           ; open             ; open   ; 0 in             ; 0 H/in                 ; 0 F/in                 ; short        ; open          ; open            ; open  ; 0 V                 ; -                  ; n/a           ; n/a             ; n/a         ;
; LEDR[3]      ; 3.3-V LVTTL  ; 0 in              ; 0 H/in                  ; 0 F/in                  ; short         ; -                   ; open           ; open             ; open   ; 0 in             ; 0 H/in                 ; 0 F/in                 ; short        ; open          ; open            ; open  ; 0 V                 ; -                  ; n/a           ; n/a             ; n/a         ;
; ~ALTERA_TDO~ ; 2.5 V        ; 0 in              ; 0 H/in                  ; 0 F/in                  ; short         ; -                   ; open           ; open             ; open   ; 0 in             ; 0 H/in                 ; 0 F/in                 ; short        ; open          ; open            ; open  ; 0 V                 ; -                  ; n/a           ; n/a             ; n/a         ;
+--------------+--------------+-------------------+-------------------------+-------------------------+---------------+---------------------+----------------+------------------+--------+------------------+------------------------+------------------------+--------------+---------------+-----------------+-------+---------------------+--------------------+---------------+-----------------+-------------+


+---------------------------------------------------------------------------------+
; Input Transition Times                                                          ;
+---------------------+-----------------------+-----------------+-----------------+
; Pin                 ; I/O Standard          ; 10-90 Rise Time ; 90-10 Fall Time ;
+---------------------+-----------------------+-----------------+-----------------+
; KEY[1]              ; 3.3 V Schmitt Trigger ; 2640 ps         ; 2640 ps         ;
; KEY[0]              ; 3.3 V Schmitt Trigger ; 2640 ps         ; 2640 ps         ;
; MAX10_CLK1_50       ; 3.3-V LVTTL           ; 2640 ps         ; 2640 ps         ;
; ~ALTERA_TMS~        ; 2.5 V Schmitt Trigger ; 2000 ps         ; 2000 ps         ;
; ~ALTERA_TCK~        ; 2.5 V Schmitt Trigger ; 2000 ps         ; 2000 ps         ;
; ~ALTERA_TDI~        ; 2.5 V Schmitt Trigger ; 2000 ps         ; 2000 ps         ;
; ~ALTERA_CONFIG_SEL~ ; 2.5 V                 ; 2000 ps         ; 2000 ps         ;
; ~ALTERA_nCONFIG~    ; 2.5 V Schmitt Trigger ; 2000 ps         ; 2000 ps         ;
; ~ALTERA_nSTATUS~    ; 2.5 V Schmitt Trigger ; 2000 ps         ; 2000 ps         ;
; ~ALTERA_CONF_DONE~  ; 2.5 V Schmitt Trigger ; 2000 ps         ; 2000 ps         ;
+---------------------+-----------------------+-----------------+-----------------+


+-------------------------------------------------------------------------------------------------------------------------------------------------------------------------------------------------------------------------------------------------------------------------------------------------------------------------------------------------------------------------------------------------------------------------------------------------------------------------------------------------------------------------------------------------------------------------------------------------------------------------------------------------------------------------------------------+
; Signal Integrity Metrics (Slow 1200mv 0c Model)                                                                                                                                                                                                                                                                                                                                                                                                                                                                                                                                                                                                                                           ;
+--------------+--------------+---------------------+---------------------+------------------------------+------------------------------+---------------------+---------------------+--------------------------------------+--------------------------------------+-----------------------------+-----------------------------+----------------------------+----------------------------+-----------------------------+-----------------------------+--------------------+--------------------+-------------------------------------+-------------------------------------+----------------------------+----------------------------+---------------------------+---------------------------+
; Pin          ; I/O Standard ; Board Delay on Rise ; Board Delay on Fall ; Steady State Voh at FPGA Pin ; Steady State Vol at FPGA Pin ; Voh Max at FPGA Pin ; Vol Min at FPGA Pin ; Ringback Voltage on Rise at FPGA Pin ; Ringback Voltage on Fall at FPGA Pin ; 10-90 Rise Time at FPGA Pin ; 90-10 Fall Time at FPGA Pin ; Monotonic Rise at FPGA Pin ; Monotonic Fall at FPGA Pin ; Steady State Voh at Far-end ; Steady State Vol at Far-end ; Voh Max at Far-end ; Vol Min at Far-end ; Ringback Voltage on Rise at Far-end ; Ringback Voltage on Fall at Far-end ; 10-90 Rise Time at Far-end ; 90-10 Fall Time at Far-end ; Monotonic Rise at Far-end ; Monotonic Fall at Far-end ;
+--------------+--------------+---------------------+---------------------+------------------------------+------------------------------+---------------------+---------------------+--------------------------------------+--------------------------------------+-----------------------------+-----------------------------+----------------------------+----------------------------+-----------------------------+-----------------------------+--------------------+--------------------+-------------------------------------+-------------------------------------+----------------------------+----------------------------+---------------------------+---------------------------+
; LEDR[0]      ; 3.3-V LVTTL  ; 0 s                 ; 0 s                 ; 3.08 V                       ; 3.73e-08 V                   ; 3.2 V               ; -0.128 V            ; 0.219 V                              ; 0.346 V                              ; 4.45e-10 s                  ; 4.51e-10 s                  ; No                         ; No                         ; 3.08 V                      ; 3.73e-08 V                  ; 3.2 V              ; -0.128 V           ; 0.219 V                             ; 0.346 V                             ; 4.45e-10 s                 ; 4.51e-10 s                 ; No                        ; No                        ;
; LEDR[1]      ; 3.3-V LVTTL  ; 0 s                 ; 0 s                 ; 3.08 V                       ; 3.73e-08 V                   ; 3.2 V               ; -0.127 V            ; 0.219 V                              ; 0.346 V                              ; 4.45e-10 s                  ; 4.51e-10 s                  ; No                         ; No                         ; 3.08 V                      ; 3.73e-08 V                  ; 3.2 V              ; -0.127 V           ; 0.219 V                             ; 0.346 V                             ; 4.45e-10 s                 ; 4.51e-10 s                 ; No                        ; No                        ;
; LEDR[2]      ; 3.3-V LVTTL  ; 0 s                 ; 0 s                 ; 3.08 V                       ; 3.73e-08 V                   ; 3.2 V               ; -0.128 V            ; 0.219 V                              ; 0.346 V                              ; 4.45e-10 s                  ; 4.51e-10 s                  ; No                         ; No                         ; 3.08 V                      ; 3.73e-08 V                  ; 3.2 V              ; -0.128 V           ; 0.219 V                             ; 0.346 V                             ; 4.45e-10 s                 ; 4.51e-10 s                 ; No                        ; No                        ;
; LEDR[3]      ; 3.3-V LVTTL  ; 0 s                 ; 0 s                 ; 3.08 V                       ; 3.73e-08 V                   ; 3.2 V               ; -0.127 V            ; 0.219 V                              ; 0.346 V                              ; 4.45e-10 s                  ; 4.51e-10 s                  ; No                         ; No                         ; 3.08 V                      ; 3.73e-08 V                  ; 3.2 V              ; -0.127 V           ; 0.219 V                             ; 0.346 V                             ; 4.45e-10 s                 ; 4.51e-10 s                 ; No                        ; No                        ;
; ~ALTERA_TDO~ ; 2.5 V        ; 0 s                 ; 0 s                 ; 2.32 V                       ; 1.39e-08 V                   ; 2.39 V              ; -0.0409 V           ; 0.211 V                              ; 0.121 V                              ; 4.7e-10 s                   ; 5.93e-10 s                  ; No                         ; Yes                        ; 2.32 V                      ; 1.39e-08 V                  ; 2.39 V             ; -0.0409 V          ; 0.211 V                             ; 0.121 V                             ; 4.7e-10 s                  ; 5.93e-10 s                 ; No                        ; Yes                       ;
+--------------+--------------+---------------------+---------------------+------------------------------+------------------------------+---------------------+---------------------+--------------------------------------+--------------------------------------+-----------------------------+-----------------------------+----------------------------+----------------------------+-----------------------------+-----------------------------+--------------------+--------------------+-------------------------------------+-------------------------------------+----------------------------+----------------------------+---------------------------+---------------------------+


+-------------------------------------------------------------------------------------------------------------------------------------------------------------------------------------------------------------------------------------------------------------------------------------------------------------------------------------------------------------------------------------------------------------------------------------------------------------------------------------------------------------------------------------------------------------------------------------------------------------------------------------------------------------------------------------------+
; Signal Integrity Metrics (Slow 1200mv 85c Model)                                                                                                                                                                                                                                                                                                                                                                                                                                                                                                                                                                                                                                          ;
+--------------+--------------+---------------------+---------------------+------------------------------+------------------------------+---------------------+---------------------+--------------------------------------+--------------------------------------+-----------------------------+-----------------------------+----------------------------+----------------------------+-----------------------------+-----------------------------+--------------------+--------------------+-------------------------------------+-------------------------------------+----------------------------+----------------------------+---------------------------+---------------------------+
; Pin          ; I/O Standard ; Board Delay on Rise ; Board Delay on Fall ; Steady State Voh at FPGA Pin ; Steady State Vol at FPGA Pin ; Voh Max at FPGA Pin ; Vol Min at FPGA Pin ; Ringback Voltage on Rise at FPGA Pin ; Ringback Voltage on Fall at FPGA Pin ; 10-90 Rise Time at FPGA Pin ; 90-10 Fall Time at FPGA Pin ; Monotonic Rise at FPGA Pin ; Monotonic Fall at FPGA Pin ; Steady State Voh at Far-end ; Steady State Vol at Far-end ; Voh Max at Far-end ; Vol Min at Far-end ; Ringback Voltage on Rise at Far-end ; Ringback Voltage on Fall at Far-end ; 10-90 Rise Time at Far-end ; 90-10 Fall Time at Far-end ; Monotonic Rise at Far-end ; Monotonic Fall at Far-end ;
+--------------+--------------+---------------------+---------------------+------------------------------+------------------------------+---------------------+---------------------+--------------------------------------+--------------------------------------+-----------------------------+-----------------------------+----------------------------+----------------------------+-----------------------------+-----------------------------+--------------------+--------------------+-------------------------------------+-------------------------------------+----------------------------+----------------------------+---------------------------+---------------------------+
; LEDR[0]      ; 3.3-V LVTTL  ; 0 s                 ; 0 s                 ; 3.08 V                       ; 3.41e-06 V                   ; 3.16 V              ; -0.0694 V           ; 0.259 V                              ; 0.209 V                              ; 4.69e-10 s                  ; 6.21e-10 s                  ; No                         ; No                         ; 3.08 V                      ; 3.41e-06 V                  ; 3.16 V             ; -0.0694 V          ; 0.259 V                             ; 0.209 V                             ; 4.69e-10 s                 ; 6.21e-10 s                 ; No                        ; No                        ;
; LEDR[1]      ; 3.3-V LVTTL  ; 0 s                 ; 0 s                 ; 3.08 V                       ; 3.41e-06 V                   ; 3.16 V              ; -0.0688 V           ; 0.26 V                               ; 0.209 V                              ; 4.69e-10 s                  ; 6.21e-10 s                  ; No                         ; No                         ; 3.08 V                      ; 3.41e-06 V                  ; 3.16 V             ; -0.0688 V          ; 0.26 V                              ; 0.209 V                             ; 4.69e-10 s                 ; 6.21e-10 s                 ; No                        ; No                        ;
; LEDR[2]      ; 3.3-V LVTTL  ; 0 s                 ; 0 s                 ; 3.08 V                       ; 3.41e-06 V                   ; 3.16 V              ; -0.0694 V           ; 0.259 V                              ; 0.209 V                              ; 4.69e-10 s                  ; 6.21e-10 s                  ; No                         ; No                         ; 3.08 V                      ; 3.41e-06 V                  ; 3.16 V             ; -0.0694 V          ; 0.259 V                             ; 0.209 V                             ; 4.69e-10 s                 ; 6.21e-10 s                 ; No                        ; No                        ;
; LEDR[3]      ; 3.3-V LVTTL  ; 0 s                 ; 0 s                 ; 3.08 V                       ; 3.41e-06 V                   ; 3.16 V              ; -0.0688 V           ; 0.26 V                               ; 0.209 V                              ; 4.69e-10 s                  ; 6.21e-10 s                  ; No                         ; No                         ; 3.08 V                      ; 3.41e-06 V                  ; 3.16 V             ; -0.0688 V          ; 0.26 V                              ; 0.209 V                             ; 4.69e-10 s                 ; 6.21e-10 s                 ; No                        ; No                        ;
; ~ALTERA_TDO~ ; 2.5 V        ; 0 s                 ; 0 s                 ; 2.32 V                       ; 1.97e-06 V                   ; 2.36 V              ; -0.0173 V           ; 0.144 V                              ; 0.094 V                              ; 6.44e-10 s                  ; 7.2e-10 s                   ; No                         ; Yes                        ; 2.32 V                      ; 1.97e-06 V                  ; 2.36 V             ; -0.0173 V          ; 0.144 V                             ; 0.094 V                             ; 6.44e-10 s                 ; 7.2e-10 s                  ; No                        ; Yes                       ;
+--------------+--------------+---------------------+---------------------+------------------------------+------------------------------+---------------------+---------------------+--------------------------------------+--------------------------------------+-----------------------------+-----------------------------+----------------------------+----------------------------+-----------------------------+-----------------------------+--------------------+--------------------+-------------------------------------+-------------------------------------+----------------------------+----------------------------+---------------------------+---------------------------+


+-------------------------------------------------------------------------------------------------------------------------------------------------------------------------------------------------------------------------------------------------------------------------------------------------------------------------------------------------------------------------------------------------------------------------------------------------------------------------------------------------------------------------------------------------------------------------------------------------------------------------------------------------------------------------------------------+
; Signal Integrity Metrics (Fast 1200mv 0c Model)                                                                                                                                                                                                                                                                                                                                                                                                                                                                                                                                                                                                                                           ;
+--------------+--------------+---------------------+---------------------+------------------------------+------------------------------+---------------------+---------------------+--------------------------------------+--------------------------------------+-----------------------------+-----------------------------+----------------------------+----------------------------+-----------------------------+-----------------------------+--------------------+--------------------+-------------------------------------+-------------------------------------+----------------------------+----------------------------+---------------------------+---------------------------+
; Pin          ; I/O Standard ; Board Delay on Rise ; Board Delay on Fall ; Steady State Voh at FPGA Pin ; Steady State Vol at FPGA Pin ; Voh Max at FPGA Pin ; Vol Min at FPGA Pin ; Ringback Voltage on Rise at FPGA Pin ; Ringback Voltage on Fall at FPGA Pin ; 10-90 Rise Time at FPGA Pin ; 90-10 Fall Time at FPGA Pin ; Monotonic Rise at FPGA Pin ; Monotonic Fall at FPGA Pin ; Steady State Voh at Far-end ; Steady State Vol at Far-end ; Voh Max at Far-end ; Vol Min at Far-end ; Ringback Voltage on Rise at Far-end ; Ringback Voltage on Fall at Far-end ; 10-90 Rise Time at Far-end ; 90-10 Fall Time at Far-end ; Monotonic Rise at Far-end ; Monotonic Fall at Far-end ;
+--------------+--------------+---------------------+---------------------+------------------------------+------------------------------+---------------------+---------------------+--------------------------------------+--------------------------------------+-----------------------------+-----------------------------+----------------------------+----------------------------+-----------------------------+-----------------------------+--------------------+--------------------+-------------------------------------+-------------------------------------+----------------------------+----------------------------+---------------------------+---------------------------+
; LEDR[0]      ; 3.3-V LVTTL  ; 0 s                 ; 0 s                 ; 3.46 V                       ; 5.04e-07 V                   ; 3.65 V              ; -0.0209 V           ; 0.391 V                              ; 0.09 V                               ; 2.79e-10 s                  ; 3.95e-10 s                  ; No                         ; Yes                        ; 3.46 V                      ; 5.04e-07 V                  ; 3.65 V             ; -0.0209 V          ; 0.391 V                             ; 0.09 V                              ; 2.79e-10 s                 ; 3.95e-10 s                 ; No                        ; Yes                       ;
; LEDR[1]      ; 3.3-V LVTTL  ; 0 s                 ; 0 s                 ; 3.46 V                       ; 5.04e-07 V                   ; 3.64 V              ; -0.0201 V           ; 0.391 V                              ; 0.088 V                              ; 2.79e-10 s                  ; 3.95e-10 s                  ; No                         ; Yes                        ; 3.46 V                      ; 5.04e-07 V                  ; 3.64 V             ; -0.0201 V          ; 0.391 V                             ; 0.088 V                             ; 2.79e-10 s                 ; 3.95e-10 s                 ; No                        ; Yes                       ;
; LEDR[2]      ; 3.3-V LVTTL  ; 0 s                 ; 0 s                 ; 3.46 V                       ; 5.04e-07 V                   ; 3.65 V              ; -0.0209 V           ; 0.391 V                              ; 0.09 V                               ; 2.79e-10 s                  ; 3.95e-10 s                  ; No                         ; Yes                        ; 3.46 V                      ; 5.04e-07 V                  ; 3.65 V             ; -0.0209 V          ; 0.391 V                             ; 0.09 V                              ; 2.79e-10 s                 ; 3.95e-10 s                 ; No                        ; Yes                       ;
; LEDR[3]      ; 3.3-V LVTTL  ; 0 s                 ; 0 s                 ; 3.46 V                       ; 5.04e-07 V                   ; 3.64 V              ; -0.0201 V           ; 0.391 V                              ; 0.088 V                              ; 2.79e-10 s                  ; 3.95e-10 s                  ; No                         ; Yes                        ; 3.46 V                      ; 5.04e-07 V                  ; 3.64 V             ; -0.0201 V          ; 0.391 V                             ; 0.088 V                             ; 2.79e-10 s                 ; 3.95e-10 s                 ; No                        ; Yes                       ;
; ~ALTERA_TDO~ ; 2.5 V        ; 0 s                 ; 0 s                 ; 2.62 V                       ; 1.68e-07 V                   ; 2.73 V              ; -0.0395 V           ; 0.361 V                              ; 0.109 V                              ; 3.11e-10 s                  ; 4.41e-10 s                  ; No                         ; Yes                        ; 2.62 V                      ; 1.68e-07 V                  ; 2.73 V             ; -0.0395 V          ; 0.361 V                             ; 0.109 V                             ; 3.11e-10 s                 ; 4.41e-10 s                 ; No                        ; Yes                       ;
+--------------+--------------+---------------------+---------------------+------------------------------+------------------------------+---------------------+---------------------+--------------------------------------+--------------------------------------+-----------------------------+-----------------------------+----------------------------+----------------------------+-----------------------------+-----------------------------+--------------------+--------------------+-------------------------------------+-------------------------------------+----------------------------+----------------------------+---------------------------+---------------------------+


-------------------
; Clock Transfers ;
-------------------
Nothing to report.


---------------
; Report TCCS ;
---------------
No dedicated SERDES Transmitter circuitry present in device or used in design


---------------
; Report RSKM ;
---------------
No non-DPA dedicated SERDES Receiver circuitry present in device or used in design


+------------------------------------------------+
; Unconstrained Paths Summary                    ;
+---------------------------------+-------+------+
; Property                        ; Setup ; Hold ;
+---------------------------------+-------+------+
; Illegal Clocks                  ; 0     ; 0    ;
; Unconstrained Clocks            ; 0     ; 0    ;
; Unconstrained Input Ports       ; 0     ; 0    ;
; Unconstrained Input Port Paths  ; 0     ; 0    ;
; Unconstrained Output Ports      ; 0     ; 0    ;
; Unconstrained Output Port Paths ; 0     ; 0    ;
+---------------------------------+-------+------+


+----------------------------------------------------+
; Clock Status Summary                               ;
+---------------+---------------+------+-------------+
; Target        ; Clock         ; Type ; Status      ;
+---------------+---------------+------+-------------+
; MAX10_CLK1_50 ; MAX10_CLK1_50 ; Base ; Constrained ;
+---------------+---------------+------+-------------+


+--------------------------+
; Timing Analyzer Messages ;
+--------------------------+
Info: *******************************************************************
Info: Running Quartus Prime Timing Analyzer
    Info: Version 24.1std.0 Build 1077 03/04/2025 SC Lite Edition
    Info: Processing started: Sat Feb 28 00:40:46 2026
Info: Command: quartus_sta Snake -c Snake
Info: qsta_default_script.tcl version: #1
Warning (18236): Number of processors has not been specified which may cause overloading on shared machines.  Set the global assignment NUM_PARALLEL_PROCESSORS in your QSF to an appropriate value for best performance.
Info (20030): Parallel compilation is enabled and will use 12 of the 12 processors detected
Info (21077): Low junction temperature is 0 degrees C
Info (21077): High junction temperature is 85 degrees C
Info (332164): Evaluating HDL-embedded SDC commands
    Info (332165): Entity altera_std_synchronizer
        Info (332166): set_false_path -to [get_keepers {*altera_std_synchronizer:*|din_s1}]
Warning (332174): Ignored filter at qsta_default_script.tcl(1297): *altera_std_synchronizer:*|din_s1 could not be matched with a keeper File: C:/intelFPGA_lite/24.1std/quartus/common/tcl/internal/qsta_default_script.tcl Line: 1297
Warning (332049): Ignored set_false_path at qsta_default_script.tcl(1297): Argument <to> is an empty collection File: C:/intelFPGA_lite/24.1std/quartus/common/tcl/internal/qsta_default_script.tcl Line: 1297
    Info (332050): read_sdc File: C:/intelFPGA_lite/24.1std/quartus/common/tcl/internal/qsta_default_script.tcl Line: 1297
Info (332104): Reading SDC File: '../joystick_adc_2ch/synthesis/submodules/altera_modular_adc_control.sdc'
Warning (332174): Ignored filter at altera_modular_adc_control.sdc(21): *fiftyfivenm_adcblock_primitive_wrapper:adcblock_instance|wire_from_adc_dout[0] could not be matched with a keeper File: C:/Users/miner/OneDrive/Desktop/School/Spring 2026/HACKUSU/repo_hackusu/HackUSU_Snake/joystick_adc_2ch/synthesis/submodules/altera_modular_adc_control.sdc Line: 21
Warning (332174): Ignored filter at altera_modular_adc_control.sdc(21): *altera_modular_adc_control_fsm:u_control_fsm|dout_flp[0] could not be matched with a register File: C:/Users/miner/OneDrive/Desktop/School/Spring 2026/HACKUSU/repo_hackusu/HackUSU_Snake/joystick_adc_2ch/synthesis/submodules/altera_modular_adc_control.sdc Line: 21
Warning (332049): Ignored set_false_path at altera_modular_adc_control.sdc(21): Argument <from> is an empty collection File: C:/Users/miner/OneDrive/Desktop/School/Spring 2026/HACKUSU/repo_hackusu/HackUSU_Snake/joystick_adc_2ch/synthesis/submodules/altera_modular_adc_control.sdc Line: 21
    Info (332050): set_false_path -from [get_keepers {*fiftyfivenm_adcblock_primitive_wrapper:adcblock_instance|wire_from_adc_dout[0]}] -to [get_registers {*altera_modular_adc_control_fsm:u_control_fsm|dout_flp[0]}] File: C:/Users/miner/OneDrive/Desktop/School/Spring 2026/HACKUSU/repo_hackusu/HackUSU_Snake/joystick_adc_2ch/synthesis/submodules/altera_modular_adc_control.sdc Line: 21
Warning (332049): Ignored set_false_path at altera_modular_adc_control.sdc(21): Argument <to> is an empty collection File: C:/Users/miner/OneDrive/Desktop/School/Spring 2026/HACKUSU/repo_hackusu/HackUSU_Snake/joystick_adc_2ch/synthesis/submodules/altera_modular_adc_control.sdc Line: 21
Warning (332174): Ignored filter at altera_modular_adc_control.sdc(22): *fiftyfivenm_adcblock_primitive_wrapper:adcblock_instance|wire_from_adc_dout[1] could not be matched with a keeper File: C:/Users/miner/OneDrive/Desktop/School/Spring 2026/HACKUSU/repo_hackusu/HackUSU_Snake/joystick_adc_2ch/synthesis/submodules/altera_modular_adc_control.sdc Line: 22
Warning (332174): Ignored filter at altera_modular_adc_control.sdc(22): *altera_modular_adc_control_fsm:u_control_fsm|dout_flp[1] could not be matched with a register File: C:/Users/miner/OneDrive/Desktop/School/Spring 2026/HACKUSU/repo_hackusu/HackUSU_Snake/joystick_adc_2ch/synthesis/submodules/altera_modular_adc_control.sdc Line: 22
Warning (332049): Ignored set_false_path at altera_modular_adc_control.sdc(22): Argument <from> is an empty collection File: C:/Users/miner/OneDrive/Desktop/School/Spring 2026/HACKUSU/repo_hackusu/HackUSU_Snake/joystick_adc_2ch/synthesis/submodules/altera_modular_adc_control.sdc Line: 22
    Info (332050): set_false_path -from [get_keepers {*fiftyfivenm_adcblock_primitive_wrapper:adcblock_instance|wire_from_adc_dout[1]}] -to [get_registers {*altera_modular_adc_control_fsm:u_control_fsm|dout_flp[1]}] File: C:/Users/miner/OneDrive/Desktop/School/Spring 2026/HACKUSU/repo_hackusu/HackUSU_Snake/joystick_adc_2ch/synthesis/submodules/altera_modular_adc_control.sdc Line: 22
Warning (332049): Ignored set_false_path at altera_modular_adc_control.sdc(22): Argument <to> is an empty collection File: C:/Users/miner/OneDrive/Desktop/School/Spring 2026/HACKUSU/repo_hackusu/HackUSU_Snake/joystick_adc_2ch/synthesis/submodules/altera_modular_adc_control.sdc Line: 22
Warning (332174): Ignored filter at altera_modular_adc_control.sdc(23): *fiftyfivenm_adcblock_primitive_wrapper:adcblock_instance|wire_from_adc_dout[2] could not be matched with a keeper File: C:/Users/miner/OneDrive/Desktop/School/Spring 2026/HACKUSU/repo_hackusu/HackUSU_Snake/joystick_adc_2ch/synthesis/submodules/altera_modular_adc_control.sdc Line: 23
Warning (332174): Ignored filter at altera_modular_adc_control.sdc(23): *altera_modular_adc_control_fsm:u_control_fsm|dout_flp[2] could not be matched with a register File: C:/Users/miner/OneDrive/Desktop/School/Spring 2026/HACKUSU/repo_hackusu/HackUSU_Snake/joystick_adc_2ch/synthesis/submodules/altera_modular_adc_control.sdc Line: 23
Warning (332049): Ignored set_false_path at altera_modular_adc_control.sdc(23): Argument <from> is an empty collection File: C:/Users/miner/OneDrive/Desktop/School/Spring 2026/HACKUSU/repo_hackusu/HackUSU_Snake/joystick_adc_2ch/synthesis/submodules/altera_modular_adc_control.sdc Line: 23
    Info (332050): set_false_path -from [get_keepers {*fiftyfivenm_adcblock_primitive_wrapper:adcblock_instance|wire_from_adc_dout[2]}] -to [get_registers {*altera_modular_adc_control_fsm:u_control_fsm|dout_flp[2]}] File: C:/Users/miner/OneDrive/Desktop/School/Spring 2026/HACKUSU/repo_hackusu/HackUSU_Snake/joystick_adc_2ch/synthesis/submodules/altera_modular_adc_control.sdc Line: 23
Warning (332049): Ignored set_false_path at altera_modular_adc_control.sdc(23): Argument <to> is an empty collection File: C:/Users/miner/OneDrive/Desktop/School/Spring 2026/HACKUSU/repo_hackusu/HackUSU_Snake/joystick_adc_2ch/synthesis/submodules/altera_modular_adc_control.sdc Line: 23
Warning (332174): Ignored filter at altera_modular_adc_control.sdc(24): *fiftyfivenm_adcblock_primitive_wrapper:adcblock_instance|wire_from_adc_dout[3] could not be matched with a keeper File: C:/Users/miner/OneDrive/Desktop/School/Spring 2026/HACKUSU/repo_hackusu/HackUSU_Snake/joystick_adc_2ch/synthesis/submodules/altera_modular_adc_control.sdc Line: 24
Warning (332174): Ignored filter at altera_modular_adc_control.sdc(24): *altera_modular_adc_control_fsm:u_control_fsm|dout_flp[3] could not be matched with a register File: C:/Users/miner/OneDrive/Desktop/School/Spring 2026/HACKUSU/repo_hackusu/HackUSU_Snake/joystick_adc_2ch/synthesis/submodules/altera_modular_adc_control.sdc Line: 24
Warning (332049): Ignored set_false_path at altera_modular_adc_control.sdc(24): Argument <from> is an empty collection File: C:/Users/miner/OneDrive/Desktop/School/Spring 2026/HACKUSU/repo_hackusu/HackUSU_Snake/joystick_adc_2ch/synthesis/submodules/altera_modular_adc_control.sdc Line: 24
    Info (332050): set_false_path -from [get_keepers {*fiftyfivenm_adcblock_primitive_wrapper:adcblock_instance|wire_from_adc_dout[3]}] -to [get_registers {*altera_modular_adc_control_fsm:u_control_fsm|dout_flp[3]}] File: C:/Users/miner/OneDrive/Desktop/School/Spring 2026/HACKUSU/repo_hackusu/HackUSU_Snake/joystick_adc_2ch/synthesis/submodules/altera_modular_adc_control.sdc Line: 24
Warning (332049): Ignored set_false_path at altera_modular_adc_control.sdc(24): Argument <to> is an empty collection File: C:/Users/miner/OneDrive/Desktop/School/Spring 2026/HACKUSU/repo_hackusu/HackUSU_Snake/joystick_adc_2ch/synthesis/submodules/altera_modular_adc_control.sdc Line: 24
Warning (332174): Ignored filter at altera_modular_adc_control.sdc(25): *fiftyfivenm_adcblock_primitive_wrapper:adcblock_instance|wire_from_adc_dout[4] could not be matched with a keeper File: C:/Users/miner/OneDrive/Desktop/School/Spring 2026/HACKUSU/repo_hackusu/HackUSU_Snake/joystick_adc_2ch/synthesis/submodules/altera_modular_adc_control.sdc Line: 25
Warning (332174): Ignored filter at altera_modular_adc_control.sdc(25): *altera_modular_adc_control_fsm:u_control_fsm|dout_flp[4] could not be matched with a register File: C:/Users/miner/OneDrive/Desktop/School/Spring 2026/HACKUSU/repo_hackusu/HackUSU_Snake/joystick_adc_2ch/synthesis/submodules/altera_modular_adc_control.sdc Line: 25
Warning (332049): Ignored set_false_path at altera_modular_adc_control.sdc(25): Argument <from> is an empty collection File: C:/Users/miner/OneDrive/Desktop/School/Spring 2026/HACKUSU/repo_hackusu/HackUSU_Snake/joystick_adc_2ch/synthesis/submodules/altera_modular_adc_control.sdc Line: 25
    Info (332050): set_false_path -from [get_keepers {*fiftyfivenm_adcblock_primitive_wrapper:adcblock_instance|wire_from_adc_dout[4]}] -to [get_registers {*altera_modular_adc_control_fsm:u_control_fsm|dout_flp[4]}] File: C:/Users/miner/OneDrive/Desktop/School/Spring 2026/HACKUSU/repo_hackusu/HackUSU_Snake/joystick_adc_2ch/synthesis/submodules/altera_modular_adc_control.sdc Line: 25
Warning (332049): Ignored set_false_path at altera_modular_adc_control.sdc(25): Argument <to> is an empty collection File: C:/Users/miner/OneDrive/Desktop/School/Spring 2026/HACKUSU/repo_hackusu/HackUSU_Snake/joystick_adc_2ch/synthesis/submodules/altera_modular_adc_control.sdc Line: 25
Warning (332174): Ignored filter at altera_modular_adc_control.sdc(26): *fiftyfivenm_adcblock_primitive_wrapper:adcblock_instance|wire_from_adc_dout[5] could not be matched with a keeper File: C:/Users/miner/OneDrive/Desktop/School/Spring 2026/HACKUSU/repo_hackusu/HackUSU_Snake/joystick_adc_2ch/synthesis/submodules/altera_modular_adc_control.sdc Line: 26
Warning (332174): Ignored filter at altera_modular_adc_control.sdc(26): *altera_modular_adc_control_fsm:u_control_fsm|dout_flp[5] could not be matched with a register File: C:/Users/miner/OneDrive/Desktop/School/Spring 2026/HACKUSU/repo_hackusu/HackUSU_Snake/joystick_adc_2ch/synthesis/submodules/altera_modular_adc_control.sdc Line: 26
Warning (332049): Ignored set_false_path at altera_modular_adc_control.sdc(26): Argument <from> is an empty collection File: C:/Users/miner/OneDrive/Desktop/School/Spring 2026/HACKUSU/repo_hackusu/HackUSU_Snake/joystick_adc_2ch/synthesis/submodules/altera_modular_adc_control.sdc Line: 26
    Info (332050): set_false_path -from [get_keepers {*fiftyfivenm_adcblock_primitive_wrapper:adcblock_instance|wire_from_adc_dout[5]}] -to [get_registers {*altera_modular_adc_control_fsm:u_control_fsm|dout_flp[5]}] File: C:/Users/miner/OneDrive/Desktop/School/Spring 2026/HACKUSU/repo_hackusu/HackUSU_Snake/joystick_adc_2ch/synthesis/submodules/altera_modular_adc_control.sdc Line: 26
Warning (332049): Ignored set_false_path at altera_modular_adc_control.sdc(26): Argument <to> is an empty collection File: C:/Users/miner/OneDrive/Desktop/School/Spring 2026/HACKUSU/repo_hackusu/HackUSU_Snake/joystick_adc_2ch/synthesis/submodules/altera_modular_adc_control.sdc Line: 26
Warning (332174): Ignored filter at altera_modular_adc_control.sdc(27): *fiftyfivenm_adcblock_primitive_wrapper:adcblock_instance|wire_from_adc_dout[6] could not be matched with a keeper File: C:/Users/miner/OneDrive/Desktop/School/Spring 2026/HACKUSU/repo_hackusu/HackUSU_Snake/joystick_adc_2ch/synthesis/submodules/altera_modular_adc_control.sdc Line: 27
Warning (332174): Ignored filter at altera_modular_adc_control.sdc(27): *altera_modular_adc_control_fsm:u_control_fsm|dout_flp[6] could not be matched with a register File: C:/Users/miner/OneDrive/Desktop/School/Spring 2026/HACKUSU/repo_hackusu/HackUSU_Snake/joystick_adc_2ch/synthesis/submodules/altera_modular_adc_control.sdc Line: 27
Warning (332049): Ignored set_false_path at altera_modular_adc_control.sdc(27): Argument <from> is an empty collection File: C:/Users/miner/OneDrive/Desktop/School/Spring 2026/HACKUSU/repo_hackusu/HackUSU_Snake/joystick_adc_2ch/synthesis/submodules/altera_modular_adc_control.sdc Line: 27
    Info (332050): set_false_path -from [get_keepers {*fiftyfivenm_adcblock_primitive_wrapper:adcblock_instance|wire_from_adc_dout[6]}] -to [get_registers {*altera_modular_adc_control_fsm:u_control_fsm|dout_flp[6]}] File: C:/Users/miner/OneDrive/Desktop/School/Spring 2026/HACKUSU/repo_hackusu/HackUSU_Snake/joystick_adc_2ch/synthesis/submodules/altera_modular_adc_control.sdc Line: 27
Warning (332049): Ignored set_false_path at altera_modular_adc_control.sdc(27): Argument <to> is an empty collection File: C:/Users/miner/OneDrive/Desktop/School/Spring 2026/HACKUSU/repo_hackusu/HackUSU_Snake/joystick_adc_2ch/synthesis/submodules/altera_modular_adc_control.sdc Line: 27
Warning (332174): Ignored filter at altera_modular_adc_control.sdc(28): *fiftyfivenm_adcblock_primitive_wrapper:adcblock_instance|wire_from_adc_dout[7] could not be matched with a keeper File: C:/Users/miner/OneDrive/Desktop/School/Spring 2026/HACKUSU/repo_hackusu/HackUSU_Snake/joystick_adc_2ch/synthesis/submodules/altera_modular_adc_control.sdc Line: 28
Warning (332174): Ignored filter at altera_modular_adc_control.sdc(28): *altera_modular_adc_control_fsm:u_control_fsm|dout_flp[7] could not be matched with a register File: C:/Users/miner/OneDrive/Desktop/School/Spring 2026/HACKUSU/repo_hackusu/HackUSU_Snake/joystick_adc_2ch/synthesis/submodules/altera_modular_adc_control.sdc Line: 28
Warning (332049): Ignored set_false_path at altera_modular_adc_control.sdc(28): Argument <from> is an empty collection File: C:/Users/miner/OneDrive/Desktop/School/Spring 2026/HACKUSU/repo_hackusu/HackUSU_Snake/joystick_adc_2ch/synthesis/submodules/altera_modular_adc_control.sdc Line: 28
    Info (332050): set_false_path -from [get_keepers {*fiftyfivenm_adcblock_primitive_wrapper:adcblock_instance|wire_from_adc_dout[7]}] -to [get_registers {*altera_modular_adc_control_fsm:u_control_fsm|dout_flp[7]}] File: C:/Users/miner/OneDrive/Desktop/School/Spring 2026/HACKUSU/repo_hackusu/HackUSU_Snake/joystick_adc_2ch/synthesis/submodules/altera_modular_adc_control.sdc Line: 28
Warning (332049): Ignored set_false_path at altera_modular_adc_control.sdc(28): Argument <to> is an empty collection File: C:/Users/miner/OneDrive/Desktop/School/Spring 2026/HACKUSU/repo_hackusu/HackUSU_Snake/joystick_adc_2ch/synthesis/submodules/altera_modular_adc_control.sdc Line: 28
Warning (332174): Ignored filter at altera_modular_adc_control.sdc(29): *fiftyfivenm_adcblock_primitive_wrapper:adcblock_instance|wire_from_adc_dout[8] could not be matched with a keeper File: C:/Users/miner/OneDrive/Desktop/School/Spring 2026/HACKUSU/repo_hackusu/HackUSU_Snake/joystick_adc_2ch/synthesis/submodules/altera_modular_adc_control.sdc Line: 29
Warning (332174): Ignored filter at altera_modular_adc_control.sdc(29): *altera_modular_adc_control_fsm:u_control_fsm|dout_flp[8] could not be matched with a register File: C:/Users/miner/OneDrive/Desktop/School/Spring 2026/HACKUSU/repo_hackusu/HackUSU_Snake/joystick_adc_2ch/synthesis/submodules/altera_modular_adc_control.sdc Line: 29
Warning (332049): Ignored set_false_path at altera_modular_adc_control.sdc(29): Argument <from> is an empty collection File: C:/Users/miner/OneDrive/Desktop/School/Spring 2026/HACKUSU/repo_hackusu/HackUSU_Snake/joystick_adc_2ch/synthesis/submodules/altera_modular_adc_control.sdc Line: 29
    Info (332050): set_false_path -from [get_keepers {*fiftyfivenm_adcblock_primitive_wrapper:adcblock_instance|wire_from_adc_dout[8]}] -to [get_registers {*altera_modular_adc_control_fsm:u_control_fsm|dout_flp[8]}] File: C:/Users/miner/OneDrive/Desktop/School/Spring 2026/HACKUSU/repo_hackusu/HackUSU_Snake/joystick_adc_2ch/synthesis/submodules/altera_modular_adc_control.sdc Line: 29
Warning (332049): Ignored set_false_path at altera_modular_adc_control.sdc(29): Argument <to> is an empty collection File: C:/Users/miner/OneDrive/Desktop/School/Spring 2026/HACKUSU/repo_hackusu/HackUSU_Snake/joystick_adc_2ch/synthesis/submodules/altera_modular_adc_control.sdc Line: 29
Warning (332174): Ignored filter at altera_modular_adc_control.sdc(30): *fiftyfivenm_adcblock_primitive_wrapper:adcblock_instance|wire_from_adc_dout[9] could not be matched with a keeper File: C:/Users/miner/OneDrive/Desktop/School/Spring 2026/HACKUSU/repo_hackusu/HackUSU_Snake/joystick_adc_2ch/synthesis/submodules/altera_modular_adc_control.sdc Line: 30
Warning (332174): Ignored filter at altera_modular_adc_control.sdc(30): *altera_modular_adc_control_fsm:u_control_fsm|dout_flp[9] could not be matched with a register File: C:/Users/miner/OneDrive/Desktop/School/Spring 2026/HACKUSU/repo_hackusu/HackUSU_Snake/joystick_adc_2ch/synthesis/submodules/altera_modular_adc_control.sdc Line: 30
Warning (332049): Ignored set_false_path at altera_modular_adc_control.sdc(30): Argument <from> is an empty collection File: C:/Users/miner/OneDrive/Desktop/School/Spring 2026/HACKUSU/repo_hackusu/HackUSU_Snake/joystick_adc_2ch/synthesis/submodules/altera_modular_adc_control.sdc Line: 30
    Info (332050): set_false_path -from [get_keepers {*fiftyfivenm_adcblock_primitive_wrapper:adcblock_instance|wire_from_adc_dout[9]}] -to [get_registers {*altera_modular_adc_control_fsm:u_control_fsm|dout_flp[9]}] File: C:/Users/miner/OneDrive/Desktop/School/Spring 2026/HACKUSU/repo_hackusu/HackUSU_Snake/joystick_adc_2ch/synthesis/submodules/altera_modular_adc_control.sdc Line: 30
Warning (332049): Ignored set_false_path at altera_modular_adc_control.sdc(30): Argument <to> is an empty collection File: C:/Users/miner/OneDrive/Desktop/School/Spring 2026/HACKUSU/repo_hackusu/HackUSU_Snake/joystick_adc_2ch/synthesis/submodules/altera_modular_adc_control.sdc Line: 30
Warning (332174): Ignored filter at altera_modular_adc_control.sdc(31): *fiftyfivenm_adcblock_primitive_wrapper:adcblock_instance|wire_from_adc_dout[10] could not be matched with a keeper File: C:/Users/miner/OneDrive/Desktop/School/Spring 2026/HACKUSU/repo_hackusu/HackUSU_Snake/joystick_adc_2ch/synthesis/submodules/altera_modular_adc_control.sdc Line: 31
Warning (332174): Ignored filter at altera_modular_adc_control.sdc(31): *altera_modular_adc_control_fsm:u_control_fsm|dout_flp[10] could not be matched with a register File: C:/Users/miner/OneDrive/Desktop/School/Spring 2026/HACKUSU/repo_hackusu/HackUSU_Snake/joystick_adc_2ch/synthesis/submodules/altera_modular_adc_control.sdc Line: 31
Warning (332049): Ignored set_false_path at altera_modular_adc_control.sdc(31): Argument <from> is an empty collection File: C:/Users/miner/OneDrive/Desktop/School/Spring 2026/HACKUSU/repo_hackusu/HackUSU_Snake/joystick_adc_2ch/synthesis/submodules/altera_modular_adc_control.sdc Line: 31
    Info (332050): set_false_path -from [get_keepers {*fiftyfivenm_adcblock_primitive_wrapper:adcblock_instance|wire_from_adc_dout[10]}] -to [get_registers {*altera_modular_adc_control_fsm:u_control_fsm|dout_flp[10]}] File: C:/Users/miner/OneDrive/Desktop/School/Spring 2026/HACKUSU/repo_hackusu/HackUSU_Snake/joystick_adc_2ch/synthesis/submodules/altera_modular_adc_control.sdc Line: 31
Warning (332049): Ignored set_false_path at altera_modular_adc_control.sdc(31): Argument <to> is an empty collection File: C:/Users/miner/OneDrive/Desktop/School/Spring 2026/HACKUSU/repo_hackusu/HackUSU_Snake/joystick_adc_2ch/synthesis/submodules/altera_modular_adc_control.sdc Line: 31
Warning (332174): Ignored filter at altera_modular_adc_control.sdc(32): *fiftyfivenm_adcblock_primitive_wrapper:adcblock_instance|wire_from_adc_dout[11] could not be matched with a keeper File: C:/Users/miner/OneDrive/Desktop/School/Spring 2026/HACKUSU/repo_hackusu/HackUSU_Snake/joystick_adc_2ch/synthesis/submodules/altera_modular_adc_control.sdc Line: 32
Warning (332174): Ignored filter at altera_modular_adc_control.sdc(32): *altera_modular_adc_control_fsm:u_control_fsm|dout_flp[11] could not be matched with a register File: C:/Users/miner/OneDrive/Desktop/School/Spring 2026/HACKUSU/repo_hackusu/HackUSU_Snake/joystick_adc_2ch/synthesis/submodules/altera_modular_adc_control.sdc Line: 32
Warning (332049): Ignored set_false_path at altera_modular_adc_control.sdc(32): Argument <from> is an empty collection File: C:/Users/miner/OneDrive/Desktop/School/Spring 2026/HACKUSU/repo_hackusu/HackUSU_Snake/joystick_adc_2ch/synthesis/submodules/altera_modular_adc_control.sdc Line: 32
    Info (332050): set_false_path -from [get_keepers {*fiftyfivenm_adcblock_primitive_wrapper:adcblock_instance|wire_from_adc_dout[11]}] -to [get_registers {*altera_modular_adc_control_fsm:u_control_fsm|dout_flp[11]}] File: C:/Users/miner/OneDrive/Desktop/School/Spring 2026/HACKUSU/repo_hackusu/HackUSU_Snake/joystick_adc_2ch/synthesis/submodules/altera_modular_adc_control.sdc Line: 32
Warning (332049): Ignored set_false_path at altera_modular_adc_control.sdc(32): Argument <to> is an empty collection File: C:/Users/miner/OneDrive/Desktop/School/Spring 2026/HACKUSU/repo_hackusu/HackUSU_Snake/joystick_adc_2ch/synthesis/submodules/altera_modular_adc_control.sdc Line: 32
Warning (332174): Ignored filter at altera_modular_adc_control.sdc(35): *altera_modular_adc_control_fsm:u_control_fsm|chsel[*] could not be matched with a register File: C:/Users/miner/OneDrive/Desktop/School/Spring 2026/HACKUSU/repo_hackusu/HackUSU_Snake/joystick_adc_2ch/synthesis/submodules/altera_modular_adc_control.sdc Line: 35
Warning (332174): Ignored filter at altera_modular_adc_control.sdc(35): *|adc_inst|adcblock_instance|primitive_instance|chsel[*] could not be matched with a pin File: C:/Users/miner/OneDrive/Desktop/School/Spring 2026/HACKUSU/repo_hackusu/HackUSU_Snake/joystick_adc_2ch/synthesis/submodules/altera_modular_adc_control.sdc Line: 35
Warning (332049): Ignored set_false_path at altera_modular_adc_control.sdc(35): Argument <from> is an empty collection File: C:/Users/miner/OneDrive/Desktop/School/Spring 2026/HACKUSU/repo_hackusu/HackUSU_Snake/joystick_adc_2ch/synthesis/submodules/altera_modular_adc_control.sdc Line: 35
    Info (332050): set_false_path -from [get_registers {*altera_modular_adc_control_fsm:u_control_fsm|chsel[*]}] -to [get_pins -compatibility_mode {*|adc_inst|adcblock_instance|primitive_instance|chsel[*]}] File: C:/Users/miner/OneDrive/Desktop/School/Spring 2026/HACKUSU/repo_hackusu/HackUSU_Snake/joystick_adc_2ch/synthesis/submodules/altera_modular_adc_control.sdc Line: 35
Warning (332049): Ignored set_false_path at altera_modular_adc_control.sdc(35): Argument <to> is an empty collection File: C:/Users/miner/OneDrive/Desktop/School/Spring 2026/HACKUSU/repo_hackusu/HackUSU_Snake/joystick_adc_2ch/synthesis/submodules/altera_modular_adc_control.sdc Line: 35
Warning (332174): Ignored filter at altera_modular_adc_control.sdc(38): *altera_modular_adc_control_fsm:u_control_fsm|soc could not be matched with a register File: C:/Users/miner/OneDrive/Desktop/School/Spring 2026/HACKUSU/repo_hackusu/HackUSU_Snake/joystick_adc_2ch/synthesis/submodules/altera_modular_adc_control.sdc Line: 38
Warning (332174): Ignored filter at altera_modular_adc_control.sdc(38): *|adc_inst|adcblock_instance|primitive_instance|soc could not be matched with a pin File: C:/Users/miner/OneDrive/Desktop/School/Spring 2026/HACKUSU/repo_hackusu/HackUSU_Snake/joystick_adc_2ch/synthesis/submodules/altera_modular_adc_control.sdc Line: 38
Warning (332049): Ignored set_false_path at altera_modular_adc_control.sdc(38): Argument <from> is an empty collection File: C:/Users/miner/OneDrive/Desktop/School/Spring 2026/HACKUSU/repo_hackusu/HackUSU_Snake/joystick_adc_2ch/synthesis/submodules/altera_modular_adc_control.sdc Line: 38
    Info (332050): set_false_path -from [get_registers {*altera_modular_adc_control_fsm:u_control_fsm|soc}] -to [get_pins -compatibility_mode {*|adc_inst|adcblock_instance|primitive_instance|soc}] File: C:/Users/miner/OneDrive/Desktop/School/Spring 2026/HACKUSU/repo_hackusu/HackUSU_Snake/joystick_adc_2ch/synthesis/submodules/altera_modular_adc_control.sdc Line: 38
Warning (332049): Ignored set_false_path at altera_modular_adc_control.sdc(38): Argument <to> is an empty collection File: C:/Users/miner/OneDrive/Desktop/School/Spring 2026/HACKUSU/repo_hackusu/HackUSU_Snake/joystick_adc_2ch/synthesis/submodules/altera_modular_adc_control.sdc Line: 38
Warning (332174): Ignored filter at altera_modular_adc_control.sdc(46): *|adc_inst|adcblock_instance|primitive_instance|eoc could not be matched with a pin File: C:/Users/miner/OneDrive/Desktop/School/Spring 2026/HACKUSU/repo_hackusu/HackUSU_Snake/joystick_adc_2ch/synthesis/submodules/altera_modular_adc_control.sdc Line: 46
Warning (332049): Ignored set_net_delay at altera_modular_adc_control.sdc(46): argument -from with value [get_pins -compatibility_mode {*|adc_inst|adcblock_instance|primitive_instance|eoc}] contains zero elements File: C:/Users/miner/OneDrive/Desktop/School/Spring 2026/HACKUSU/repo_hackusu/HackUSU_Snake/joystick_adc_2ch/synthesis/submodules/altera_modular_adc_control.sdc Line: 46
    Info (332050): set_net_delay -from [get_pins -compatibility_mode {*|adc_inst|adcblock_instance|primitive_instance|eoc}] -max 5 File: C:/Users/miner/OneDrive/Desktop/School/Spring 2026/HACKUSU/repo_hackusu/HackUSU_Snake/joystick_adc_2ch/synthesis/submodules/altera_modular_adc_control.sdc Line: 46
Warning (332049): Ignored set_net_delay at altera_modular_adc_control.sdc(47): argument -from with value [get_pins -compatibility_mode {*|adc_inst|adcblock_instance|primitive_instance|eoc}] contains zero elements File: C:/Users/miner/OneDrive/Desktop/School/Spring 2026/HACKUSU/repo_hackusu/HackUSU_Snake/joystick_adc_2ch/synthesis/submodules/altera_modular_adc_control.sdc Line: 47
    Info (332050): set_net_delay -from [get_pins -compatibility_mode {*|adc_inst|adcblock_instance|primitive_instance|eoc}] -min 0 File: C:/Users/miner/OneDrive/Desktop/School/Spring 2026/HACKUSU/repo_hackusu/HackUSU_Snake/joystick_adc_2ch/synthesis/submodules/altera_modular_adc_control.sdc Line: 47
Warning (332174): Ignored filter at altera_modular_adc_control.sdc(50): *|adc_inst|adcblock_instance|primitive_instance|clk_dft could not be matched with a pin File: C:/Users/miner/OneDrive/Desktop/School/Spring 2026/HACKUSU/repo_hackusu/HackUSU_Snake/joystick_adc_2ch/synthesis/submodules/altera_modular_adc_control.sdc Line: 50
Warning (332049): Ignored set_net_delay at altera_modular_adc_control.sdc(50): argument -from with value [get_pins -compatibility_mode {*|adc_inst|adcblock_instance|primitive_instance|clk_dft}] contains zero elements File: C:/Users/miner/OneDrive/Desktop/School/Spring 2026/HACKUSU/repo_hackusu/HackUSU_Snake/joystick_adc_2ch/synthesis/submodules/altera_modular_adc_control.sdc Line: 50
    Info (332050): set_net_delay -from [get_pins -compatibility_mode {*|adc_inst|adcblock_instance|primitive_instance|clk_dft}] -max 5 File: C:/Users/miner/OneDrive/Desktop/School/Spring 2026/HACKUSU/repo_hackusu/HackUSU_Snake/joystick_adc_2ch/synthesis/submodules/altera_modular_adc_control.sdc Line: 50
Warning (332049): Ignored set_net_delay at altera_modular_adc_control.sdc(51): argument -from with value [get_pins -compatibility_mode {*|adc_inst|adcblock_instance|primitive_instance|clk_dft}] contains zero elements File: C:/Users/miner/OneDrive/Desktop/School/Spring 2026/HACKUSU/repo_hackusu/HackUSU_Snake/joystick_adc_2ch/synthesis/submodules/altera_modular_adc_control.sdc Line: 51
    Info (332050): set_net_delay -from [get_pins -compatibility_mode {*|adc_inst|adcblock_instance|primitive_instance|clk_dft}] -min 0 File: C:/Users/miner/OneDrive/Desktop/School/Spring 2026/HACKUSU/repo_hackusu/HackUSU_Snake/joystick_adc_2ch/synthesis/submodules/altera_modular_adc_control.sdc Line: 51
Warning (332174): Ignored filter at altera_modular_adc_control.sdc(54): *|adc_inst|adcblock_instance|primitive_instance|dout[0] could not be matched with a pin File: C:/Users/miner/OneDrive/Desktop/School/Spring 2026/HACKUSU/repo_hackusu/HackUSU_Snake/joystick_adc_2ch/synthesis/submodules/altera_modular_adc_control.sdc Line: 54
Warning (332049): Ignored set_net_delay at altera_modular_adc_control.sdc(54): argument -from with value [get_pins -compatibility_mode {*|adc_inst|adcblock_instance|primitive_instance|dout[0]}] contains zero elements File: C:/Users/miner/OneDrive/Desktop/School/Spring 2026/HACKUSU/repo_hackusu/HackUSU_Snake/joystick_adc_2ch/synthesis/submodules/altera_modular_adc_control.sdc Line: 54
    Info (332050): set_net_delay -from [get_pins -compatibility_mode {*|adc_inst|adcblock_instance|primitive_instance|dout[0]}] -max 5 File: C:/Users/miner/OneDrive/Desktop/School/Spring 2026/HACKUSU/repo_hackusu/HackUSU_Snake/joystick_adc_2ch/synthesis/submodules/altera_modular_adc_control.sdc Line: 54
Warning (332174): Ignored filter at altera_modular_adc_control.sdc(55): *|adc_inst|adcblock_instance|primitive_instance|dout[1] could not be matched with a pin File: C:/Users/miner/OneDrive/Desktop/School/Spring 2026/HACKUSU/repo_hackusu/HackUSU_Snake/joystick_adc_2ch/synthesis/submodules/altera_modular_adc_control.sdc Line: 55
Warning (332049): Ignored set_net_delay at altera_modular_adc_control.sdc(55): argument -from with value [get_pins -compatibility_mode {*|adc_inst|adcblock_instance|primitive_instance|dout[1]}] contains zero elements File: C:/Users/miner/OneDrive/Desktop/School/Spring 2026/HACKUSU/repo_hackusu/HackUSU_Snake/joystick_adc_2ch/synthesis/submodules/altera_modular_adc_control.sdc Line: 55
    Info (332050): set_net_delay -from [get_pins -compatibility_mode {*|adc_inst|adcblock_instance|primitive_instance|dout[1]}] -max 5 File: C:/Users/miner/OneDrive/Desktop/School/Spring 2026/HACKUSU/repo_hackusu/HackUSU_Snake/joystick_adc_2ch/synthesis/submodules/altera_modular_adc_control.sdc Line: 55
Warning (332174): Ignored filter at altera_modular_adc_control.sdc(56): *|adc_inst|adcblock_instance|primitive_instance|dout[2] could not be matched with a pin File: C:/Users/miner/OneDrive/Desktop/School/Spring 2026/HACKUSU/repo_hackusu/HackUSU_Snake/joystick_adc_2ch/synthesis/submodules/altera_modular_adc_control.sdc Line: 56
Warning (332049): Ignored set_net_delay at altera_modular_adc_control.sdc(56): argument -from with value [get_pins -compatibility_mode {*|adc_inst|adcblock_instance|primitive_instance|dout[2]}] contains zero elements File: C:/Users/miner/OneDrive/Desktop/School/Spring 2026/HACKUSU/repo_hackusu/HackUSU_Snake/joystick_adc_2ch/synthesis/submodules/altera_modular_adc_control.sdc Line: 56
    Info (332050): set_net_delay -from [get_pins -compatibility_mode {*|adc_inst|adcblock_instance|primitive_instance|dout[2]}] -max 5 File: C:/Users/miner/OneDrive/Desktop/School/Spring 2026/HACKUSU/repo_hackusu/HackUSU_Snake/joystick_adc_2ch/synthesis/submodules/altera_modular_adc_control.sdc Line: 56
Warning (332174): Ignored filter at altera_modular_adc_control.sdc(57): *|adc_inst|adcblock_instance|primitive_instance|dout[3] could not be matched with a pin File: C:/Users/miner/OneDrive/Desktop/School/Spring 2026/HACKUSU/repo_hackusu/HackUSU_Snake/joystick_adc_2ch/synthesis/submodules/altera_modular_adc_control.sdc Line: 57
Warning (332049): Ignored set_net_delay at altera_modular_adc_control.sdc(57): argument -from with value [get_pins -compatibility_mode {*|adc_inst|adcblock_instance|primitive_instance|dout[3]}] contains zero elements File: C:/Users/miner/OneDrive/Desktop/School/Spring 2026/HACKUSU/repo_hackusu/HackUSU_Snake/joystick_adc_2ch/synthesis/submodules/altera_modular_adc_control.sdc Line: 57
    Info (332050): set_net_delay -from [get_pins -compatibility_mode {*|adc_inst|adcblock_instance|primitive_instance|dout[3]}] -max 5 File: C:/Users/miner/OneDrive/Desktop/School/Spring 2026/HACKUSU/repo_hackusu/HackUSU_Snake/joystick_adc_2ch/synthesis/submodules/altera_modular_adc_control.sdc Line: 57
Warning (332174): Ignored filter at altera_modular_adc_control.sdc(58): *|adc_inst|adcblock_instance|primitive_instance|dout[4] could not be matched with a pin File: C:/Users/miner/OneDrive/Desktop/School/Spring 2026/HACKUSU/repo_hackusu/HackUSU_Snake/joystick_adc_2ch/synthesis/submodules/altera_modular_adc_control.sdc Line: 58
Warning (332049): Ignored set_net_delay at altera_modular_adc_control.sdc(58): argument -from with value [get_pins -compatibility_mode {*|adc_inst|adcblock_instance|primitive_instance|dout[4]}] contains zero elements File: C:/Users/miner/OneDrive/Desktop/School/Spring 2026/HACKUSU/repo_hackusu/HackUSU_Snake/joystick_adc_2ch/synthesis/submodules/altera_modular_adc_control.sdc Line: 58
    Info (332050): set_net_delay -from [get_pins -compatibility_mode {*|adc_inst|adcblock_instance|primitive_instance|dout[4]}] -max 5 File: C:/Users/miner/OneDrive/Desktop/School/Spring 2026/HACKUSU/repo_hackusu/HackUSU_Snake/joystick_adc_2ch/synthesis/submodules/altera_modular_adc_control.sdc Line: 58
Warning (332174): Ignored filter at altera_modular_adc_control.sdc(59): *|adc_inst|adcblock_instance|primitive_instance|dout[5] could not be matched with a pin File: C:/Users/miner/OneDrive/Desktop/School/Spring 2026/HACKUSU/repo_hackusu/HackUSU_Snake/joystick_adc_2ch/synthesis/submodules/altera_modular_adc_control.sdc Line: 59
Warning (332049): Ignored set_net_delay at altera_modular_adc_control.sdc(59): argument -from with value [get_pins -compatibility_mode {*|adc_inst|adcblock_instance|primitive_instance|dout[5]}] contains zero elements File: C:/Users/miner/OneDrive/Desktop/School/Spring 2026/HACKUSU/repo_hackusu/HackUSU_Snake/joystick_adc_2ch/synthesis/submodules/altera_modular_adc_control.sdc Line: 59
    Info (332050): set_net_delay -from [get_pins -compatibility_mode {*|adc_inst|adcblock_instance|primitive_instance|dout[5]}] -max 5 File: C:/Users/miner/OneDrive/Desktop/School/Spring 2026/HACKUSU/repo_hackusu/HackUSU_Snake/joystick_adc_2ch/synthesis/submodules/altera_modular_adc_control.sdc Line: 59
Warning (332174): Ignored filter at altera_modular_adc_control.sdc(60): *|adc_inst|adcblock_instance|primitive_instance|dout[6] could not be matched with a pin File: C:/Users/miner/OneDrive/Desktop/School/Spring 2026/HACKUSU/repo_hackusu/HackUSU_Snake/joystick_adc_2ch/synthesis/submodules/altera_modular_adc_control.sdc Line: 60
Warning (332049): Ignored set_net_delay at altera_modular_adc_control.sdc(60): argument -from with value [get_pins -compatibility_mode {*|adc_inst|adcblock_instance|primitive_instance|dout[6]}] contains zero elements File: C:/Users/miner/OneDrive/Desktop/School/Spring 2026/HACKUSU/repo_hackusu/HackUSU_Snake/joystick_adc_2ch/synthesis/submodules/altera_modular_adc_control.sdc Line: 60
    Info (332050): set_net_delay -from [get_pins -compatibility_mode {*|adc_inst|adcblock_instance|primitive_instance|dout[6]}] -max 5 File: C:/Users/miner/OneDrive/Desktop/School/Spring 2026/HACKUSU/repo_hackusu/HackUSU_Snake/joystick_adc_2ch/synthesis/submodules/altera_modular_adc_control.sdc Line: 60
Warning (332174): Ignored filter at altera_modular_adc_control.sdc(61): *|adc_inst|adcblock_instance|primitive_instance|dout[7] could not be matched with a pin File: C:/Users/miner/OneDrive/Desktop/School/Spring 2026/HACKUSU/repo_hackusu/HackUSU_Snake/joystick_adc_2ch/synthesis/submodules/altera_modular_adc_control.sdc Line: 61
Warning (332049): Ignored set_net_delay at altera_modular_adc_control.sdc(61): argument -from with value [get_pins -compatibility_mode {*|adc_inst|adcblock_instance|primitive_instance|dout[7]}] contains zero elements File: C:/Users/miner/OneDrive/Desktop/School/Spring 2026/HACKUSU/repo_hackusu/HackUSU_Snake/joystick_adc_2ch/synthesis/submodules/altera_modular_adc_control.sdc Line: 61
    Info (332050): set_net_delay -from [get_pins -compatibility_mode {*|adc_inst|adcblock_instance|primitive_instance|dout[7]}] -max 5 File: C:/Users/miner/OneDrive/Desktop/School/Spring 2026/HACKUSU/repo_hackusu/HackUSU_Snake/joystick_adc_2ch/synthesis/submodules/altera_modular_adc_control.sdc Line: 61
Warning (332174): Ignored filter at altera_modular_adc_control.sdc(62): *|adc_inst|adcblock_instance|primitive_instance|dout[8] could not be matched with a pin File: C:/Users/miner/OneDrive/Desktop/School/Spring 2026/HACKUSU/repo_hackusu/HackUSU_Snake/joystick_adc_2ch/synthesis/submodules/altera_modular_adc_control.sdc Line: 62
Warning (332049): Ignored set_net_delay at altera_modular_adc_control.sdc(62): argument -from with value [get_pins -compatibility_mode {*|adc_inst|adcblock_instance|primitive_instance|dout[8]}] contains zero elements File: C:/Users/miner/OneDrive/Desktop/School/Spring 2026/HACKUSU/repo_hackusu/HackUSU_Snake/joystick_adc_2ch/synthesis/submodules/altera_modular_adc_control.sdc Line: 62
    Info (332050): set_net_delay -from [get_pins -compatibility_mode {*|adc_inst|adcblock_instance|primitive_instance|dout[8]}] -max 5 File: C:/Users/miner/OneDrive/Desktop/School/Spring 2026/HACKUSU/repo_hackusu/HackUSU_Snake/joystick_adc_2ch/synthesis/submodules/altera_modular_adc_control.sdc Line: 62
Warning (332174): Ignored filter at altera_modular_adc_control.sdc(63): *|adc_inst|adcblock_instance|primitive_instance|dout[9] could not be matched with a pin File: C:/Users/miner/OneDrive/Desktop/School/Spring 2026/HACKUSU/repo_hackusu/HackUSU_Snake/joystick_adc_2ch/synthesis/submodules/altera_modular_adc_control.sdc Line: 63
Warning (332049): Ignored set_net_delay at altera_modular_adc_control.sdc(63): argument -from with value [get_pins -compatibility_mode {*|adc_inst|adcblock_instance|primitive_instance|dout[9]}] contains zero elements File: C:/Users/miner/OneDrive/Desktop/School/Spring 2026/HACKUSU/repo_hackusu/HackUSU_Snake/joystick_adc_2ch/synthesis/submodules/altera_modular_adc_control.sdc Line: 63
    Info (332050): set_net_delay -from [get_pins -compatibility_mode {*|adc_inst|adcblock_instance|primitive_instance|dout[9]}] -max 5 File: C:/Users/miner/OneDrive/Desktop/School/Spring 2026/HACKUSU/repo_hackusu/HackUSU_Snake/joystick_adc_2ch/synthesis/submodules/altera_modular_adc_control.sdc Line: 63
Warning (332174): Ignored filter at altera_modular_adc_control.sdc(64): *|adc_inst|adcblock_instance|primitive_instance|dout[10] could not be matched with a pin File: C:/Users/miner/OneDrive/Desktop/School/Spring 2026/HACKUSU/repo_hackusu/HackUSU_Snake/joystick_adc_2ch/synthesis/submodules/altera_modular_adc_control.sdc Line: 64
Warning (332049): Ignored set_net_delay at altera_modular_adc_control.sdc(64): argument -from with value [get_pins -compatibility_mode {*|adc_inst|adcblock_instance|primitive_instance|dout[10]}] contains zero elements File: C:/Users/miner/OneDrive/Desktop/School/Spring 2026/HACKUSU/repo_hackusu/HackUSU_Snake/joystick_adc_2ch/synthesis/submodules/altera_modular_adc_control.sdc Line: 64
    Info (332050): set_net_delay -from [get_pins -compatibility_mode {*|adc_inst|adcblock_instance|primitive_instance|dout[10]}] -max 5 File: C:/Users/miner/OneDrive/Desktop/School/Spring 2026/HACKUSU/repo_hackusu/HackUSU_Snake/joystick_adc_2ch/synthesis/submodules/altera_modular_adc_control.sdc Line: 64
Warning (332174): Ignored filter at altera_modular_adc_control.sdc(65): *|adc_inst|adcblock_instance|primitive_instance|dout[11] could not be matched with a pin File: C:/Users/miner/OneDrive/Desktop/School/Spring 2026/HACKUSU/repo_hackusu/HackUSU_Snake/joystick_adc_2ch/synthesis/submodules/altera_modular_adc_control.sdc Line: 65
Warning (332049): Ignored set_net_delay at altera_modular_adc_control.sdc(65): argument -from with value [get_pins -compatibility_mode {*|adc_inst|adcblock_instance|primitive_instance|dout[11]}] contains zero elements File: C:/Users/miner/OneDrive/Desktop/School/Spring 2026/HACKUSU/repo_hackusu/HackUSU_Snake/joystick_adc_2ch/synthesis/submodules/altera_modular_adc_control.sdc Line: 65
    Info (332050): set_net_delay -from [get_pins -compatibility_mode {*|adc_inst|adcblock_instance|primitive_instance|dout[11]}] -max 5 File: C:/Users/miner/OneDrive/Desktop/School/Spring 2026/HACKUSU/repo_hackusu/HackUSU_Snake/joystick_adc_2ch/synthesis/submodules/altera_modular_adc_control.sdc Line: 65
Warning (332049): Ignored set_net_delay at altera_modular_adc_control.sdc(66): argument -from with value [get_pins -compatibility_mode {*|adc_inst|adcblock_instance|primitive_instance|dout[0]}] contains zero elements File: C:/Users/miner/OneDrive/Desktop/School/Spring 2026/HACKUSU/repo_hackusu/HackUSU_Snake/joystick_adc_2ch/synthesis/submodules/altera_modular_adc_control.sdc Line: 66
    Info (332050): set_net_delay -from [get_pins -compatibility_mode {*|adc_inst|adcblock_instance|primitive_instance|dout[0]}] -min 0 File: C:/Users/miner/OneDrive/Desktop/School/Spring 2026/HACKUSU/repo_hackusu/HackUSU_Snake/joystick_adc_2ch/synthesis/submodules/altera_modular_adc_control.sdc Line: 66
Warning (332049): Ignored set_net_delay at altera_modular_adc_control.sdc(67): argument -from with value [get_pins -compatibility_mode {*|adc_inst|adcblock_instance|primitive_instance|dout[1]}] contains zero elements File: C:/Users/miner/OneDrive/Desktop/School/Spring 2026/HACKUSU/repo_hackusu/HackUSU_Snake/joystick_adc_2ch/synthesis/submodules/altera_modular_adc_control.sdc Line: 67
    Info (332050): set_net_delay -from [get_pins -compatibility_mode {*|adc_inst|adcblock_instance|primitive_instance|dout[1]}] -min 0 File: C:/Users/miner/OneDrive/Desktop/School/Spring 2026/HACKUSU/repo_hackusu/HackUSU_Snake/joystick_adc_2ch/synthesis/submodules/altera_modular_adc_control.sdc Line: 67
Warning (332049): Ignored set_net_delay at altera_modular_adc_control.sdc(68): argument -from with value [get_pins -compatibility_mode {*|adc_inst|adcblock_instance|primitive_instance|dout[2]}] contains zero elements File: C:/Users/miner/OneDrive/Desktop/School/Spring 2026/HACKUSU/repo_hackusu/HackUSU_Snake/joystick_adc_2ch/synthesis/submodules/altera_modular_adc_control.sdc Line: 68
    Info (332050): set_net_delay -from [get_pins -compatibility_mode {*|adc_inst|adcblock_instance|primitive_instance|dout[2]}] -min 0 File: C:/Users/miner/OneDrive/Desktop/School/Spring 2026/HACKUSU/repo_hackusu/HackUSU_Snake/joystick_adc_2ch/synthesis/submodules/altera_modular_adc_control.sdc Line: 68
Warning (332049): Ignored set_net_delay at altera_modular_adc_control.sdc(69): argument -from with value [get_pins -compatibility_mode {*|adc_inst|adcblock_instance|primitive_instance|dout[3]}] contains zero elements File: C:/Users/miner/OneDrive/Desktop/School/Spring 2026/HACKUSU/repo_hackusu/HackUSU_Snake/joystick_adc_2ch/synthesis/submodules/altera_modular_adc_control.sdc Line: 69
    Info (332050): set_net_delay -from [get_pins -compatibility_mode {*|adc_inst|adcblock_instance|primitive_instance|dout[3]}] -min 0 File: C:/Users/miner/OneDrive/Desktop/School/Spring 2026/HACKUSU/repo_hackusu/HackUSU_Snake/joystick_adc_2ch/synthesis/submodules/altera_modular_adc_control.sdc Line: 69
Warning (332049): Ignored set_net_delay at altera_modular_adc_control.sdc(70): argument -from with value [get_pins -compatibility_mode {*|adc_inst|adcblock_instance|primitive_instance|dout[4]}] contains zero elements File: C:/Users/miner/OneDrive/Desktop/School/Spring 2026/HACKUSU/repo_hackusu/HackUSU_Snake/joystick_adc_2ch/synthesis/submodules/altera_modular_adc_control.sdc Line: 70
    Info (332050): set_net_delay -from [get_pins -compatibility_mode {*|adc_inst|adcblock_instance|primitive_instance|dout[4]}] -min 0 File: C:/Users/miner/OneDrive/Desktop/School/Spring 2026/HACKUSU/repo_hackusu/HackUSU_Snake/joystick_adc_2ch/synthesis/submodules/altera_modular_adc_control.sdc Line: 70
Warning (332049): Ignored set_net_delay at altera_modular_adc_control.sdc(71): argument -from with value [get_pins -compatibility_mode {*|adc_inst|adcblock_instance|primitive_instance|dout[5]}] contains zero elements File: C:/Users/miner/OneDrive/Desktop/School/Spring 2026/HACKUSU/repo_hackusu/HackUSU_Snake/joystick_adc_2ch/synthesis/submodules/altera_modular_adc_control.sdc Line: 71
    Info (332050): set_net_delay -from [get_pins -compatibility_mode {*|adc_inst|adcblock_instance|primitive_instance|dout[5]}] -min 0 File: C:/Users/miner/OneDrive/Desktop/School/Spring 2026/HACKUSU/repo_hackusu/HackUSU_Snake/joystick_adc_2ch/synthesis/submodules/altera_modular_adc_control.sdc Line: 71
Warning (332049): Ignored set_net_delay at altera_modular_adc_control.sdc(72): argument -from with value [get_pins -compatibility_mode {*|adc_inst|adcblock_instance|primitive_instance|dout[6]}] contains zero elements File: C:/Users/miner/OneDrive/Desktop/School/Spring 2026/HACKUSU/repo_hackusu/HackUSU_Snake/joystick_adc_2ch/synthesis/submodules/altera_modular_adc_control.sdc Line: 72
    Info (332050): set_net_delay -from [get_pins -compatibility_mode {*|adc_inst|adcblock_instance|primitive_instance|dout[6]}] -min 0 File: C:/Users/miner/OneDrive/Desktop/School/Spring 2026/HACKUSU/repo_hackusu/HackUSU_Snake/joystick_adc_2ch/synthesis/submodules/altera_modular_adc_control.sdc Line: 72
Warning (332049): Ignored set_net_delay at altera_modular_adc_control.sdc(73): argument -from with value [get_pins -compatibility_mode {*|adc_inst|adcblock_instance|primitive_instance|dout[7]}] contains zero elements File: C:/Users/miner/OneDrive/Desktop/School/Spring 2026/HACKUSU/repo_hackusu/HackUSU_Snake/joystick_adc_2ch/synthesis/submodules/altera_modular_adc_control.sdc Line: 73
    Info (332050): set_net_delay -from [get_pins -compatibility_mode {*|adc_inst|adcblock_instance|primitive_instance|dout[7]}] -min 0 File: C:/Users/miner/OneDrive/Desktop/School/Spring 2026/HACKUSU/repo_hackusu/HackUSU_Snake/joystick_adc_2ch/synthesis/submodules/altera_modular_adc_control.sdc Line: 73
Warning (332049): Ignored set_net_delay at altera_modular_adc_control.sdc(74): argument -from with value [get_pins -compatibility_mode {*|adc_inst|adcblock_instance|primitive_instance|dout[8]}] contains zero elements File: C:/Users/miner/OneDrive/Desktop/School/Spring 2026/HACKUSU/repo_hackusu/HackUSU_Snake/joystick_adc_2ch/synthesis/submodules/altera_modular_adc_control.sdc Line: 74
    Info (332050): set_net_delay -from [get_pins -compatibility_mode {*|adc_inst|adcblock_instance|primitive_instance|dout[8]}] -min 0 File: C:/Users/miner/OneDrive/Desktop/School/Spring 2026/HACKUSU/repo_hackusu/HackUSU_Snake/joystick_adc_2ch/synthesis/submodules/altera_modular_adc_control.sdc Line: 74
Warning (332049): Ignored set_net_delay at altera_modular_adc_control.sdc(75): argument -from with value [get_pins -compatibility_mode {*|adc_inst|adcblock_instance|primitive_instance|dout[9]}] contains zero elements File: C:/Users/miner/OneDrive/Desktop/School/Spring 2026/HACKUSU/repo_hackusu/HackUSU_Snake/joystick_adc_2ch/synthesis/submodules/altera_modular_adc_control.sdc Line: 75
    Info (332050): set_net_delay -from [get_pins -compatibility_mode {*|adc_inst|adcblock_instance|primitive_instance|dout[9]}] -min 0 File: C:/Users/miner/OneDrive/Desktop/School/Spring 2026/HACKUSU/repo_hackusu/HackUSU_Snake/joystick_adc_2ch/synthesis/submodules/altera_modular_adc_control.sdc Line: 75
Warning (332049): Ignored set_net_delay at altera_modular_adc_control.sdc(76): argument -from with value [get_pins -compatibility_mode {*|adc_inst|adcblock_instance|primitive_instance|dout[10]}] contains zero elements File: C:/Users/miner/OneDrive/Desktop/School/Spring 2026/HACKUSU/repo_hackusu/HackUSU_Snake/joystick_adc_2ch/synthesis/submodules/altera_modular_adc_control.sdc Line: 76
    Info (332050): set_net_delay -from [get_pins -compatibility_mode {*|adc_inst|adcblock_instance|primitive_instance|dout[10]}] -min 0 File: C:/Users/miner/OneDrive/Desktop/School/Spring 2026/HACKUSU/repo_hackusu/HackUSU_Snake/joystick_adc_2ch/synthesis/submodules/altera_modular_adc_control.sdc Line: 76
Warning (332049): Ignored set_net_delay at altera_modular_adc_control.sdc(77): argument -from with value [get_pins -compatibility_mode {*|adc_inst|adcblock_instance|primitive_instance|dout[11]}] contains zero elements File: C:/Users/miner/OneDrive/Desktop/School/Spring 2026/HACKUSU/repo_hackusu/HackUSU_Snake/joystick_adc_2ch/synthesis/submodules/altera_modular_adc_control.sdc Line: 77
    Info (332050): set_net_delay -from [get_pins -compatibility_mode {*|adc_inst|adcblock_instance|primitive_instance|dout[11]}] -min 0 File: C:/Users/miner/OneDrive/Desktop/School/Spring 2026/HACKUSU/repo_hackusu/HackUSU_Snake/joystick_adc_2ch/synthesis/submodules/altera_modular_adc_control.sdc Line: 77
Warning (332174): Ignored filter at altera_modular_adc_control.sdc(80): *|u_control_fsm|chsel[*]|q could not be matched with a pin File: C:/Users/miner/OneDrive/Desktop/School/Spring 2026/HACKUSU/repo_hackusu/HackUSU_Snake/joystick_adc_2ch/synthesis/submodules/altera_modular_adc_control.sdc Line: 80
Warning (332049): Ignored set_net_delay at altera_modular_adc_control.sdc(80): argument -from with value [get_pins -compatibility_mode {*|u_control_fsm|chsel[*]|q}] contains zero elements File: C:/Users/miner/OneDrive/Desktop/School/Spring 2026/HACKUSU/repo_hackusu/HackUSU_Snake/joystick_adc_2ch/synthesis/submodules/altera_modular_adc_control.sdc Line: 80
    Info (332050): set_net_delay -from [get_pins -compatibility_mode {*|u_control_fsm|chsel[*]|q}] -max 5 File: C:/Users/miner/OneDrive/Desktop/School/Spring 2026/HACKUSU/repo_hackusu/HackUSU_Snake/joystick_adc_2ch/synthesis/submodules/altera_modular_adc_control.sdc Line: 80
Warning (332049): Ignored set_net_delay at altera_modular_adc_control.sdc(81): argument -from with value [get_pins -compatibility_mode {*|u_control_fsm|chsel[*]|q}] contains zero elements File: C:/Users/miner/OneDrive/Desktop/School/Spring 2026/HACKUSU/repo_hackusu/HackUSU_Snake/joystick_adc_2ch/synthesis/submodules/altera_modular_adc_control.sdc Line: 81
    Info (332050): set_net_delay -from [get_pins -compatibility_mode {*|u_control_fsm|chsel[*]|q}] -min 0 File: C:/Users/miner/OneDrive/Desktop/School/Spring 2026/HACKUSU/repo_hackusu/HackUSU_Snake/joystick_adc_2ch/synthesis/submodules/altera_modular_adc_control.sdc Line: 81
Warning (332174): Ignored filter at altera_modular_adc_control.sdc(84): *|u_control_fsm|soc|q could not be matched with a pin File: C:/Users/miner/OneDrive/Desktop/School/Spring 2026/HACKUSU/repo_hackusu/HackUSU_Snake/joystick_adc_2ch/synthesis/submodules/altera_modular_adc_control.sdc Line: 84
Warning (332049): Ignored set_net_delay at altera_modular_adc_control.sdc(84): argument -from with value [get_pins -compatibility_mode {*|u_control_fsm|soc|q}] contains zero elements File: C:/Users/miner/OneDrive/Desktop/School/Spring 2026/HACKUSU/repo_hackusu/HackUSU_Snake/joystick_adc_2ch/synthesis/submodules/altera_modular_adc_control.sdc Line: 84
    Info (332050): set_net_delay -from [get_pins -compatibility_mode {*|u_control_fsm|soc|q}] -max 5 File: C:/Users/miner/OneDrive/Desktop/School/Spring 2026/HACKUSU/repo_hackusu/HackUSU_Snake/joystick_adc_2ch/synthesis/submodules/altera_modular_adc_control.sdc Line: 84
Warning (332049): Ignored set_net_delay at altera_modular_adc_control.sdc(85): argument -from with value [get_pins -compatibility_mode {*|u_control_fsm|soc|q}] contains zero elements File: C:/Users/miner/OneDrive/Desktop/School/Spring 2026/HACKUSU/repo_hackusu/HackUSU_Snake/joystick_adc_2ch/synthesis/submodules/altera_modular_adc_control.sdc Line: 85
    Info (332050): set_net_delay -from [get_pins -compatibility_mode {*|u_control_fsm|soc|q}] -min 0 File: C:/Users/miner/OneDrive/Desktop/School/Spring 2026/HACKUSU/repo_hackusu/HackUSU_Snake/joystick_adc_2ch/synthesis/submodules/altera_modular_adc_control.sdc Line: 85
Info (332104): Reading SDC File: 'Snake.SDC'
Warning (332174): Ignored filter at Snake.sdc(9): ADC_CLK_10 could not be matched with a port File: C:/Users/miner/OneDrive/Desktop/School/Spring 2026/HACKUSU/repo_hackusu/HackUSU_Snake/quartus/Snake.sdc Line: 9
Warning (332049): Ignored create_clock at Snake.sdc(9): Argument <targets> is an empty collection File: C:/Users/miner/OneDrive/Desktop/School/Spring 2026/HACKUSU/repo_hackusu/HackUSU_Snake/quartus/Snake.sdc Line: 9
    Info (332050): create_clock -period "10.0 MHz" [get_ports ADC_CLK_10] File: C:/Users/miner/OneDrive/Desktop/School/Spring 2026/HACKUSU/repo_hackusu/HackUSU_Snake/quartus/Snake.sdc Line: 9
Warning (332174): Ignored filter at Snake.sdc(11): MAX10_CLK2_50 could not be matched with a port File: C:/Users/miner/OneDrive/Desktop/School/Spring 2026/HACKUSU/repo_hackusu/HackUSU_Snake/quartus/Snake.sdc Line: 11
Warning (332049): Ignored create_clock at Snake.sdc(11): Argument <targets> is an empty collection File: C:/Users/miner/OneDrive/Desktop/School/Spring 2026/HACKUSU/repo_hackusu/HackUSU_Snake/quartus/Snake.sdc Line: 11
    Info (332050): create_clock -period "50.0 MHz" [get_ports MAX10_CLK2_50] File: C:/Users/miner/OneDrive/Desktop/School/Spring 2026/HACKUSU/repo_hackusu/HackUSU_Snake/quartus/Snake.sdc Line: 11
Info (332151): Clock uncertainty is not calculated until you update the timing netlist.
Info (332154): The derive_clock_uncertainty command did not apply clock uncertainty to any clock-to-clock transfers.
Info: Found TIMING_ANALYZER_REPORT_SCRIPT_INCLUDE_DEFAULT_ANALYSIS = ON
Info: Analyzing Slow 1200mV 85C Model
Info (332140): No fmax paths to report
Info: Can't run Report Timing Closure Recommendations. The current device family is not supported.
Info (332140): No Setup paths to report
Info (332140): No Hold paths to report
Info (332140): No Recovery paths to report
Info (332140): No Removal paths to report
Info (332146): Worst-case minimum pulse width slack is 16.000
    Info (332119):     Slack       End Point TNS Clock 
    Info (332119): ========= =================== =====================
    Info (332119):    16.000               0.000 MAX10_CLK1_50 
Info: Analyzing Slow 1200mV 0C Model
Info (334003): Started post-fitting delay annotation
Info (334004): Delay annotation completed successfully
Info (332154): The derive_clock_uncertainty command did not apply clock uncertainty to any clock-to-clock transfers.
Info (332140): No fmax paths to report
Info (332140): No Setup paths to report
Info (332140): No Hold paths to report
Info (332140): No Recovery paths to report
Info (332140): No Removal paths to report
Info (332146): Worst-case minimum pulse width slack is 16.000
    Info (332119):     Slack       End Point TNS Clock 
    Info (332119): ========= =================== =====================
    Info (332119):    16.000               0.000 MAX10_CLK1_50 
Info: Analyzing Fast 1200mV 0C Model
Info (332154): The derive_clock_uncertainty command did not apply clock uncertainty to any clock-to-clock transfers.
Info (332140): No Setup paths to report
Info (332140): No Hold paths to report
Info (332140): No Recovery paths to report
Info (332140): No Removal paths to report
Info (332146): Worst-case minimum pulse width slack is 16.000
    Info (332119):     Slack       End Point TNS Clock 
    Info (332119): ========= =================== =====================
    Info (332119):    16.000               0.000 MAX10_CLK1_50 
Info (332101): Design is fully constrained for setup requirements
Info (332101): Design is fully constrained for hold requirements
Info: Quartus Prime Timing Analyzer was successful. 0 errors, 111 warnings
    Info: Peak virtual memory: 4935 megabytes
    Info: Processing ended: Sat Feb 28 00:40:48 2026
    Info: Elapsed time: 00:00:02
    Info: Total CPU time (on all processors): 00:00:02


