Info: Starting: Create block symbol file (.bsf)
Info: qsys-generate "C:\Users\miner\OneDrive\Desktop\School\Spring 2026\HACKUSU\repo_hackusu\HackUSU_Snake\joystick_adc_2ch.qsys" --block-symbol-file --output-directory="C:\Users\miner\OneDrive\Desktop\School\Spring 2026\HACKUSU\repo_hackusu\HackUSU_Snake\joystick_adc_2ch" --family="MAX 10" --part=10M50DAF484C7G
Progress: Loading HackUSU_Snake/joystick_adc_2ch.qsys
Progress: Reading input file
Progress: Adding modular_adc_0 [altera_modular_adc 24.1]
Progress: Parameterizing module modular_adc_0
Progress: Building connections
Progress: Parameterizing connections
Progress: Validating
Progress: Done reading input file
Info: qsys-generate succeeded.
Info: Finished: Create block symbol file (.bsf)
Info: 
Info: Starting: Create HDL design files for synthesis
Info: qsys-generate "C:\Users\miner\OneDrive\Desktop\School\Spring 2026\HACKUSU\repo_hackusu\HackUSU_Snake\joystick_adc_2ch.qsys" --synthesis=VHDL --output-directory="C:\Users\miner\OneDrive\Desktop\School\Spring 2026\HACKUSU\repo_hackusu\HackUSU_Snake\joystick_adc_2ch\synthesis" --family="MAX 10" --part=10M50DAF484C7G
Progress: Loading HackUSU_Snake/joystick_adc_2ch.qsys
Progress: Reading input file
Progress: Adding modular_adc_0 [altera_modular_adc 24.1]
Progress: Parameterizing module modular_adc_0
Progress: Building connections
Progress: Parameterizing connections
Progress: Validating
Progress: Done reading input file
Info: joystick_adc_2ch: Generating "joystick_adc_2ch" for QUARTUS_SYNTH
Info: modular_adc_0: "joystick_adc_2ch" instantiated altera_modular_adc "modular_adc_0"
Info: control_internal: "modular_adc_0" instantiated altera_modular_adc_control "control_internal"
Info: joystick_adc_2ch: Done "joystick_adc_2ch" with 3 modules, 9 files
Info: qsys-generate succeeded.
Info: Finished: Create HDL design files for synthesis
